<?xml version="1.0" encoding="UTF-8"?>
<testng-results skipped="0" failed="0" ignored="0" total="1" passed="1">
  <reporter-output>
  </reporter-output>
  <suite name="Default suite" duration-ms="17065" started-at="2018-09-02T10:39:28Z" finished-at="2018-09-02T10:39:45Z">
    <groups>
    </groups>
    <test name="Default test" duration-ms="17065" started-at="2018-09-02T10:39:28Z" finished-at="2018-09-02T10:39:45Z">
      <class name="testCase.NGWebBasics">
        <test-method status="PASS" signature="setup()[pri:0, instance:testCase.NGWebBasics@19d1a19]" name="setup" is-config="true" duration-ms="13075" started-at="2018-09-02T10:39:28Z" finished-at="2018-09-02T10:39:41Z">
          <reporter-output>
          </reporter-output>
        </test-method> <!-- setup -->
        <test-method status="PASS" signature="testSearch()[pri:0, instance:testCase.NGWebBasics@19d1a19]" name="testSearch" duration-ms="1266" started-at="2018-09-02T10:39:41Z" finished-at="2018-09-02T10:39:42Z">
          <reporter-output>
          </reporter-output>
        </test-method> <!-- testSearch -->
        <test-method status="PASS" signature="tearDown()[pri:0, instance:testCase.NGWebBasics@19d1a19]" name="tearDown" is-config="true" duration-ms="2690" started-at="2018-09-02T10:39:42Z" finished-at="2018-09-02T10:39:45Z">
          <reporter-output>
          </reporter-output>
        </test-method> <!-- tearDown -->
      </class> <!-- testCase.NGWebBasics -->
    </test> <!-- Default test -->
  </suite> <!-- Default suite -->
</testng-results>
